<?xml version="1.0" encoding="UTF-8"?>
<testsuites>
  <testsuite name="fastlane.lanes">
    
    
    
      
      <testcase classname="fastlane.lanes" name="0: default_platform" time="0.000722">
        
      </testcase>
    
      
      <testcase classname="fastlane.lanes" name="1: Switch to build lane" time="0.002984">
        
      </testcase>
    
      
      <testcase classname="fastlane.lanes" name="2: ktlintFormat ktlintCheck detekt spotlessApply assembleDebug" time="4.647855">
        
          <failure message="/usr/local/Cellar/fastlane/2.165.0/libexec/gems/fastlane-2.167.0/fastlane/lib/fastlane/actions/actions_helper.rb:67:in `execute_action'&#10;/usr/local/Cellar/fastlane/2.165.0/libexec/gems/fastlane-2.167.0/fastlane/lib/fastlane/runner.rb:255:in `block in execute_action'&#10;/usr/local/Cellar/fastlane/2.165.0/libexec/gems/fastlane-2.167.0/fastlane/lib/fastlane/runner.rb:229:in `chdir'&#10;/usr/local/Cellar/fastlane/2.165.0/libexec/gems/fastlane-2.167.0/fastlane/lib/fastlane/runner.rb:229:in `execute_action'&#10;/usr/local/Cellar/fastlane/2.165.0/libexec/gems/fastlane-2.167.0/fastlane/lib/fastlane/runner.rb:157:in `trigger_action_by_name'&#10;/usr/local/Cellar/fastlane/2.165.0/libexec/gems/fastlane-2.167.0/fastlane/lib/fastlane/fast_file.rb:159:in `method_missing'&#10;Android:24:in `executeGradle'&#10;Android:7:in `block in parsing_binding'&#10;/usr/local/Cellar/fastlane/2.165.0/libexec/gems/fastlane-2.167.0/fastlane/lib/fastlane/lane.rb:33:in `call'&#10;/usr/local/Cellar/fastlane/2.165.0/libexec/gems/fastlane-2.167.0/fastlane/lib/fastlane/runner.rb:204:in `try_switch_to_lane'&#10;/usr/local/Cellar/fastlane/2.165.0/libexec/gems/fastlane-2.167.0/fastlane/lib/fastlane/runner.rb:146:in `trigger_action_by_name'&#10;/usr/local/Cellar/fastlane/2.165.0/libexec/gems/fastlane-2.167.0/fastlane/lib/fastlane/fast_file.rb:159:in `method_missing'&#10;Fastfile:12:in `block in parsing_binding'&#10;/usr/local/Cellar/fastlane/2.165.0/libexec/gems/fastlane-2.167.0/fastlane/lib/fastlane/lane.rb:33:in `call'&#10;/usr/local/Cellar/fastlane/2.165.0/libexec/gems/fastlane-2.167.0/fastlane/lib/fastlane/runner.rb:49:in `block in execute'&#10;/usr/local/Cellar/fastlane/2.165.0/libexec/gems/fastlane-2.167.0/fastlane/lib/fastlane/runner.rb:45:in `chdir'&#10;/usr/local/Cellar/fastlane/2.165.0/libexec/gems/fastlane-2.167.0/fastlane/lib/fastlane/runner.rb:45:in `execute'&#10;/usr/local/Cellar/fastlane/2.165.0/libexec/gems/fastlane-2.167.0/fastlane/lib/fastlane/lane_manager.rb:47:in `cruise_lane'&#10;/usr/local/Cellar/fastlane/2.165.0/libexec/gems/fastlane-2.167.0/fastlane/lib/fastlane/command_line_handler.rb:36:in `handle'&#10;/usr/local/Cellar/fastlane/2.165.0/libexec/gems/fastlane-2.167.0/fastlane/lib/fastlane/commands_generator.rb:108:in `block (2 levels) in run'&#10;/usr/local/Cellar/fastlane/2.165.0/libexec/gems/commander-fastlane-4.4.6/lib/commander/command.rb:178:in `call'&#10;/usr/local/Cellar/fastlane/2.165.0/libexec/gems/commander-fastlane-4.4.6/lib/commander/command.rb:153:in `run'&#10;/usr/local/Cellar/fastlane/2.165.0/libexec/gems/commander-fastlane-4.4.6/lib/commander/runner.rb:476:in `run_active_command'&#10;/usr/local/Cellar/fastlane/2.165.0/libexec/gems/fastlane-2.167.0/fastlane_core/lib/fastlane_core/ui/fastlane_runner.rb:76:in `run!'&#10;/usr/local/Cellar/fastlane/2.165.0/libexec/gems/commander-fastlane-4.4.6/lib/commander/delegates.rb:15:in `run!'&#10;/usr/local/Cellar/fastlane/2.165.0/libexec/gems/fastlane-2.167.0/fastlane/lib/fastlane/commands_generator.rb:352:in `run'&#10;/usr/local/Cellar/fastlane/2.165.0/libexec/gems/fastlane-2.167.0/fastlane/lib/fastlane/commands_generator.rb:41:in `start'&#10;/usr/local/Cellar/fastlane/2.165.0/libexec/gems/fastlane-2.167.0/fastlane/lib/fastlane/cli_tools_distributor.rb:119:in `take_off'&#10;/usr/local/Cellar/fastlane/2.165.0/libexec/gems/fastlane-2.167.0/bin/fastlane:23:in `&lt;top (required)&gt;'&#10;/usr/local/Cellar/fastlane/2.165.0/libexec/bin/fastlane:23:in `load'&#10;/usr/local/Cellar/fastlane/2.165.0/libexec/bin/fastlane:23:in `&lt;main&gt;'&#10;&#10;Exit status of command '/Users/jumaallan/workspace/android/safeboda/gradlew ktlintFormat ktlintCheck detekt spotlessApply assembleDebug -p . -PapplicationId='' -PversionName='' -PversionCode='' -PappLabel='' -PGITHUB_TOKEN='' -PsomeValue='' -S' was 1 instead of 0.&#10;&gt; Task :buildSrc:compileKotlin UP-TO-DATE&#10;&gt; Task :buildSrc:compileJava NO-SOURCE&#10;&gt; Task :buildSrc:compileGroovy NO-SOURCE&#10;&gt; Task :buildSrc:pluginDescriptors UP-TO-DATE&#10;&gt; Task :buildSrc:processResources NO-SOURCE&#10;&gt; Task :buildSrc:classes UP-TO-DATE&#10;&gt; Task :buildSrc:inspectClassesForKotlinIC UP-TO-DATE&#10;&gt; Task :buildSrc:jar UP-TO-DATE&#10;&gt; Task :buildSrc:assemble UP-TO-DATE&#10;&gt; Task :buildSrc:compileTestKotlin NO-SOURCE&#10;&gt; Task :buildSrc:pluginUnderTestMetadata UP-TO-DATE&#10;&gt; Task :buildSrc:compileTestJava NO-SOURCE&#10;&gt; Task :buildSrc:compileTestGroovy NO-SOURCE&#10;&gt; Task :buildSrc:processTestResources NO-SOURCE&#10;&gt; Task :buildSrc:testClasses UP-TO-DATE&#10;&gt; Task :buildSrc:test NO-SOURCE&#10;&gt; Task :buildSrc:validatePlugins UP-TO-DATE&#10;&gt; Task :buildSrc:check UP-TO-DATE&#10;&gt; Task :buildSrc:build UP-TO-DATE&#10;&gt; Task :ktlintKotlinScriptFormat UP-TO-DATE&#10;&gt; Task :ktlintFormat UP-TO-DATE&#10;&gt; Task :app:ktlintAndroidTestDebugSourceSetFormat NO-SOURCE&#10;&gt; Task :app:ktlintAndroidTestReleaseSourceSetFormat NO-SOURCE&#10;&gt; Task :app:ktlintAndroidTestSourceSetFormat UP-TO-DATE&#10;&gt; Task :app:ktlintDebugSourceSetFormat UP-TO-DATE&#10;&gt; Task :app:ktlintKotlinScriptFormat UP-TO-DATE&#10;&gt; Task :core:ktlintAndroidTestDebugSourceSetFormat NO-SOURCE&#10;&gt; Task :core:ktlintAndroidTestReleaseSourceSetFormat NO-SOURCE&#10;&gt; Task :core:ktlintAndroidTestSourceSetFormat UP-TO-DATE&#10;&gt; Task :core:ktlintDebugSourceSetFormat NO-SOURCE&#10;&gt; Task :core:ktlintKotlinScriptFormat UP-TO-DATE&#10;&gt; Task :core:ktlintMainSourceSetFormat UP-TO-DATE&#10;&gt; Task :core:ktlintReleaseSourceSetFormat NO-SOURCE&#10;&gt; Task :core:ktlintTestDebugSourceSetFormat NO-SOURCE&#10;&gt; Task :core:ktlintTestReleaseSourceSetFormat NO-SOURCE&#10;&gt; Task :core:ktlintTestSourceSetFormat UP-TO-DATE&#10;&gt; Task :core:ktlintFormat UP-TO-DATE&#10;&gt; Task :ktlintKotlinScriptCheck UP-TO-DATE&#10;&gt; Task :ktlintCheck UP-TO-DATE&#10;&gt; Task :core:ktlintAndroidTestDebugSourceSetCheck NO-SOURCE&#10;&gt; Task :core:ktlintAndroidTestReleaseSourceSetCheck NO-SOURCE&#10;&gt; Task :core:ktlintAndroidTestSourceSetCheck UP-TO-DATE&#10;&gt; Task :core:ktlintDebugSourceSetCheck NO-SOURCE&#10;&gt; Task :core:ktlintKotlinScriptCheck UP-TO-DATE&#10;&gt; Task :core:ktlintMainSourceSetCheck UP-TO-DATE&#10;&gt; Task :core:ktlintReleaseSourceSetCheck NO-SOURCE&#10;&gt; Task :core:ktlintTestDebugSourceSetCheck NO-SOURCE&#10;&gt; Task :core:ktlintTestReleaseSourceSetCheck NO-SOURCE&#10;&gt; Task :core:ktlintTestSourceSetCheck UP-TO-DATE&#10;&gt; Task :core:ktlintCheck UP-TO-DATE&#10;&gt; Task :detekt NO-SOURCE&#10;&#10;&gt; Task :app:detekt FAILED&#10;Property 'complexity&gt;LongParameterList&gt;threshold' is deprecated. Use 'functionThreshold' and 'constructorThreshold' instead.&#10;&#10;&#10;20 kotlin files were analyzed.&#10;/Users/jumaallan/workspace/android/safeboda/app/src/main/java/com/safeboda/ui/adapters/UserOrOrganizationAdapter.kt - 20min debt&#10;	[33mLongMethod - 69/60 - [onCreateViewHolder] at /Users/jumaallan/workspace/android/safeboda/app/src/main/java/com/safeboda/ui/adapters/UserOrOrganizationAdapter.kt:57:18[0m&#10;&#10;Overall debt: 20min&#10;&#10;complexity - 20min debt&#10;	[33mLongMethod - 69/60 - [onCreateViewHolder] at /Users/jumaallan/workspace/android/safeboda/app/src/main/java/com/safeboda/ui/adapters/UserOrOrganizationAdapter.kt:57:18[0m&#10;&#10;Overall debt: 20min&#10;&#10;Complexity Report:&#10;	- 1,352 lines of code (loc)&#10;	- 1,126 source lines of code (sloc)&#10;	- 743 logical lines of code (lloc)&#10;	- 50 comment lines of code (cloc)&#10;	- 155 cyclomatic complexity (mcc)&#10;	- 75 cognitive complexity&#10;	- 1 number of total code smells&#10;	- 4% comment source ratio&#10;	- 208 mcc per 1,000 lloc&#10;	- 1 code smells per 1,000 lloc&#10;&#10;Project Statistics:&#10;	- number of properties: 83&#10;	- number of functions: 66&#10;	- number of classes: 35&#10;	- number of packages: 13&#10;	- number of kt files: 20&#10;&#10;Successfully generated HTML report at /Users/jumaallan/workspace/android/safeboda/app/build/reports/detekt/detekt.html&#10;Successfully generated Checkstyle XML report at /Users/jumaallan/workspace/android/safeboda/app/build/reports/detekt/detekt.xml&#10;Successfully generated plain text report at /Users/jumaallan/workspace/android/safeboda/app/build/reports/detekt/detekt.txt&#10;&#10;&gt; Task :app:ktlintMainSourceSetFormat&#10;&#10;FAILURE: Build failed with an exception.&#10;&#10;* What went wrong:&#10;Execution failed for task ':app:detekt'.&#10;&gt; Build failed with 1 weighted issues.&#10;&#10;* Try:&#10;Run with --info or --debug option to get more log output. Run with --scan to get full insights.&#10;&#10;* Exception is:&#10;org.gradle.api.tasks.TaskExecutionException: Execution failed for task ':app:detekt'.&#10;	at org.gradle.api.internal.tasks.execution.ExecuteActionsTaskExecuter.lambda$executeIfValid$1(ExecuteActionsTaskExecuter.java:208)&#10;	at org.gradle.internal.Try$Failure.ifSuccessfulOrElse(Try.java:263)&#10;	at org.gradle.api.internal.tasks.execution.ExecuteActionsTaskExecuter.executeIfValid(ExecuteActionsTaskExecuter.java:206)&#10;	at org.gradle.api.internal.tasks.execution.ExecuteActionsTaskExecuter.execute(ExecuteActionsTaskExecuter.java:187)&#10;	at org.gradle.api.internal.tasks.execution.CleanupStaleOutputsExecuter.execute(CleanupStaleOutputsExecuter.java:114)&#10;	at org.gradle.api.internal.tasks.execution.FinalizePropertiesTaskExecuter.execute(FinalizePropertiesTaskExecuter.java:46)&#10;	at org.gradle.api.internal.tasks.execution.ResolveTaskExecutionModeExecuter.execute(ResolveTaskExecutionModeExecuter.java:62)&#10;	at org.gradle.api.internal.tasks.execution.SkipTaskWithNoActionsExecuter.execute(SkipTaskWithNoActionsExecuter.java:57)&#10;	at org.gradle.api.internal.tasks.execution.SkipOnlyIfTaskExecuter.execute(SkipOnlyIfTaskExecuter.java:56)&#10;	at org.gradle.api.internal.tasks.execution.CatchExceptionTaskExecuter.execute(CatchExceptionTaskExecuter.java:36)&#10;	at org.gradle.api.internal.tasks.execution.EventFiringTaskExecuter$1.executeTask(EventFiringTaskExecuter.java:77)&#10;	at org.gradle.api.internal.tasks.execution.EventFiringTaskExecuter$1.call(EventFiringTaskExecuter.java:55)&#10;	at org.gradle.api.internal.tasks.execution.EventFiringTaskExecuter$1.call(EventFiringTaskExecuter.java:52)&#10;	at org.gradle.internal.operations.DefaultBuildOperationExecutor$CallableBuildOperationWorker.execute(DefaultBuildOperationExecutor.java:409)&#10;	at org.gradle.internal.operations.DefaultBuildOperationExecutor$CallableBuildOperationWorker.execute(DefaultBuildOperationExecutor.java:399)&#10;	at org.gradle.internal.operations.DefaultBuildOperationExecutor$1.execute(DefaultBuildOperationExecutor.java:157)&#10;	at org.gradle.internal.operations.DefaultBuildOperationExecutor.execute(DefaultBuildOperationExecutor.java:242)&#10;	at org.gradle.internal.operations.DefaultBuildOperationExecutor.execute(DefaultBuildOperationExecutor.java:150)&#10;	at org.gradle.internal.operations.DefaultBuildOperationExecutor.call(DefaultBuildOperationExecutor.java:94)&#10;	at org.gradle.internal.operations.DelegatingBuildOperationExecutor.call(DelegatingBuildOperationExecutor.java:36)&#10;	at org.gradle.api.internal.tasks.execution.EventFiringTaskExecuter.execute(EventFiringTaskExecuter.java:52)&#10;	at org.gradle.execution.plan.LocalTaskNodeExecutor.execute(LocalTaskNodeExecutor.java:41)&#10;	at org.gradle.execution.taskgraph.DefaultTaskExecutionGraph$InvokeNodeExecutorsAction.execute(DefaultTaskExecutionGraph.java:372)&#10;	at org.gradle.execution.taskgraph.DefaultTaskExecutionGraph$InvokeNodeExecutorsAction.execute(DefaultTaskExecutionGraph.java:359)&#10;	at org.gradle.execution.taskgraph.DefaultTaskExecutionGraph$BuildOperationAwareExecutionAction.execute(DefaultTaskExecutionGraph.java:352)&#10;	at org.gradle.execution.taskgraph.DefaultTaskExecutionGraph$BuildOperationAwareExecutionAction.execute(DefaultTaskExecutionGraph.java:338)&#10;	at org.gradle.execution.plan.DefaultPlanExecutor$ExecutorWorker.lambda$run$0(DefaultPlanExecutor.java:127)&#10;	at org.gradle.execution.plan.DefaultPlanExecutor$ExecutorWorker.execute(DefaultPlanExecutor.java:191)&#10;	at org.gradle.execution.plan.DefaultPlanExecutor$ExecutorWorker.executeNextNode(DefaultPlanExecutor.java:182)&#10;	at org.gradle.execution.plan.DefaultPlanExecutor$ExecutorWorker.run(DefaultPlanExecutor.java:124)&#10;	at org.gradle.internal.concurrent.ExecutorPolicy$CatchAndRecordFailures.onExecute(ExecutorPolicy.java:64)&#10;	at org.gradle.internal.concurrent.ManagedExecutorImpl$1.run(ManagedExecutorImpl.java:48)&#10;	at java.util.concurrent.ThreadPoolExecutor.runWorker(ThreadPoolExecutor.java:1149)&#10;	at java.util.concurrent.ThreadPoolExecutor$Worker.run(ThreadPoolExecutor.java:624)&#10;	at org.gradle.internal.concurrent.ThreadFactoryImpl$ManagedThreadRunnable.run(ThreadFactoryImpl.java:56)&#10;	at java.lang.Thread.run(Thread.java:748)&#10;Caused by: org.gradle.api.GradleException: Build failed with 1 weighted issues.&#10;	at io.gitlab.arturbosch.detekt.invoke.DefaultCliInvoker.invokeCli(DetektInvoker.kt:60)&#10;	at io.gitlab.arturbosch.detekt.Detekt.check(Detekt.kt:208)&#10;	at sun.reflect.NativeMethodAccessorImpl.invoke0(Native Method)&#10;	at sun.reflect.NativeMethodAccessorImpl.invoke(NativeMethodAccessorImpl.java:62)&#10;	at sun.reflect.DelegatingMethodAccessorImpl.invoke(DelegatingMethodAccessorImpl.java:43)&#10;	at java.lang.reflect.Method.invoke(Method.java:498)&#10;	at org.gradle.internal.reflect.JavaMethod.invoke(JavaMethod.java:104)&#10;	at org.gradle.api.internal.project.taskfactory.StandardTaskAction.doExecute(StandardTaskAction.java:58)&#10;	at org.gradle.api.internal.project.taskfactory.StandardTaskAction.execute(StandardTaskAction.java:51)&#10;	at org.gradle.api.internal.project.taskfactory.StandardTaskAction.execute(StandardTaskAction.java:29)&#10;	at org.gradle.api.internal.tasks.execution.ExecuteActionsTaskExecuter$3.run(ExecuteActionsTaskExecuter.java:570)&#10;	at org.gradle.internal.operations.DefaultBuildOperationExecutor$RunnableBuildOperationWorker.execute(DefaultBuildOperationExecutor.java:395)&#10;	at org.gradle.internal.operations.DefaultBuildOperationExecutor$RunnableBuildOperationWorker.execute(DefaultBuildOperationExecutor.java:387)&#10;	at org.gradle.internal.operations.DefaultBuildOperationExecutor$1.execute(DefaultBuildOperationExecutor.java:157)&#10;	at org.gradle.internal.operations.DefaultBuildOperationExecutor.execute(DefaultBuildOperationExecutor.java:242)&#10;	at org.gradle.internal.operations.DefaultBuildOperationExecutor.execute(DefaultBuildOperationExecutor.java:150)&#10;	at org.gradle.internal.operations.DefaultBuildOperationExecutor.run(DefaultBuildOperationExecutor.java:84)&#10;	at org.gradle.internal.operations.DelegatingBuildOperationExecutor.run(DelegatingBuildOperationExecutor.java:31)&#10;	at org.gradle.api.internal.tasks.execution.ExecuteActionsTaskExecuter.executeAction(ExecuteActionsTaskExecuter.java:555)&#10;	at org.gradle.api.internal.tasks.execution.ExecuteActionsTaskExecuter.executeActions(ExecuteActionsTaskExecuter.java:538)&#10;	at org.gradle.api.internal.tasks.execution.ExecuteActionsTaskExecuter.access$300(ExecuteActionsTaskExecuter.java:109)&#10;	at org.gradle.api.internal.tasks.execution.ExecuteActionsTaskExecuter$TaskExecution.executeWithPreviousOutputFiles(ExecuteActionsTaskExecuter.java:279)&#10;	at org.gradle.api.internal.tasks.execution.ExecuteActionsTaskExecuter$TaskExecution.execute(ExecuteActionsTaskExecuter.java:268)&#10;	at org.gradle.internal.execution.steps.ExecuteStep.lambda$execute$1(ExecuteStep.java:33)&#10;	at java.util.Optional.orElseGet(Optional.java:267)&#10;	at org.gradle.internal.execution.steps.ExecuteStep.execute(ExecuteStep.java:33)&#10;	at org.gradle.internal.execution.steps.ExecuteStep.execute(ExecuteStep.java:26)&#10;	at org.gradle.internal.execution.steps.CleanupOutputsStep.execute(CleanupOutputsStep.java:67)&#10;	at org.gradle.internal.execution.steps.CleanupOutputsStep.execute(CleanupOutputsStep.java:36)&#10;	at org.gradle.internal.execution.steps.ResolveInputChangesStep.execute(ResolveInputChangesStep.java:49)&#10;	at org.gradle.internal.execution.steps.ResolveInputChangesStep.execute(ResolveInputChangesStep.java:34)&#10;	at org.gradle.internal.execution.steps.CancelExecutionStep.execute(CancelExecutionStep.java:43)&#10;	at org.gradle.internal.execution.steps.TimeoutStep.executeWithoutTimeout(TimeoutStep.java:73)&#10;	at org.gradle.internal.execution.steps.TimeoutStep.execute(TimeoutStep.java:54)&#10;	at org.gradle.internal.execution.steps.CatchExceptionStep.execute(CatchExceptionStep.java:34)&#10;	at org.gradle.internal.execution.steps.CreateOutputsStep.execute(CreateOutputsStep.java:44)&#10;	at org.gradle.internal.execution.steps.SnapshotOutputsStep.execute(SnapshotOutputsStep.java:54)&#10;	at org.gradle.internal.execution.steps.SnapshotOutputsStep.execute(SnapshotOutputsStep.java:38)&#10;	at org.gradle.internal.execution.steps.BroadcastChangingOutputsStep.execute(BroadcastChangingOutputsStep.java:49)&#10;	at org.gradle.internal.execution.steps.CacheStep.executeWithoutCache(CacheStep.java:159)&#10;	at org.gradle.internal.execution.steps.CacheStep.execute(CacheStep.java:72)&#10;	at org.gradle.internal.execution.steps.CacheStep.execute(CacheStep.java:43)&#10;	at org.gradle.internal.execution.steps.StoreExecutionStateStep.execute(StoreExecutionStateStep.java:44)&#10;	at org.gradle.internal.execution.steps.StoreExecutionStateStep.execute(StoreExecutionStateStep.java:33)&#10;	at org.gradle.internal.execution.steps.RecordOutputsStep.execute(RecordOutputsStep.java:38)&#10;	at org.gradle.internal.execution.steps.RecordOutputsStep.execute(RecordOutputsStep.java:24)&#10;	at org.gradle.internal.execution.steps.SkipUpToDateStep.executeBecause(SkipUpToDateStep.java:92)&#10;	at org.gradle.internal.execution.steps.SkipUpToDateStep.lambda$execute$0(SkipUpToDateStep.java:85)&#10;	at java.util.Optional.map(Optional.java:215)&#10;	at org.gradle.internal.execution.steps.SkipUpToDateStep.execute(SkipUpToDateStep.java:55)&#10;	at org.gradle.internal.execution.steps.SkipUpToDateStep.execute(SkipUpToDateStep.java:39)&#10;	at org.gradle.internal.execution.steps.ResolveChangesStep.execute(ResolveChangesStep.java:76)&#10;	at org.gradle.internal.execution.steps.ResolveChangesStep.execute(ResolveChangesStep.java:37)&#10;	at org.gradle.internal.execution.steps.legacy.MarkSnapshottingInputsFinishedStep.execute(MarkSnapshottingInputsFinishedStep.java:36)&#10;	at org.gradle.internal.execution.steps.legacy.MarkSnapshottingInputsFinishedStep.execute(MarkSnapshottingInputsFinishedStep.java:26)&#10;	at org.gradle.internal.execution.steps.ResolveCachingStateStep.execute(ResolveCachingStateStep.java:94)&#10;	at org.gradle.internal.execution.steps.ResolveCachingStateStep.execute(ResolveCachingStateStep.java:49)&#10;	at org.gradle.internal.execution.steps.CaptureStateBeforeExecutionStep.execute(CaptureStateBeforeExecutionStep.java:79)&#10;	at org.gradle.internal.execution.steps.CaptureStateBeforeExecutionStep.execute(CaptureStateBeforeExecutionStep.java:53)&#10;	at org.gradle.internal.execution.steps.ValidateStep.execute(ValidateStep.java:74)&#10;	at org.gradle.internal.execution.steps.SkipEmptyWorkStep.lambda$execute$2(SkipEmptyWorkStep.java:78)&#10;	at java.util.Optional.orElseGet(Optional.java:267)&#10;	at org.gradle.internal.execution.steps.SkipEmptyWorkStep.execute(SkipEmptyWorkStep.java:78)&#10;	at org.gradle.internal.execution.steps.SkipEmptyWorkStep.execute(SkipEmptyWorkStep.java:34)&#10;	at org.gradle.internal.execution.steps.legacy.MarkSnapshottingInputsStartedStep.execute(MarkSnapshottingInputsStartedStep.java:39)&#10;	at org.gradle.internal.execution.steps.LoadExecutionStateStep.execute(LoadExecutionStateStep.java:40)&#10;	at org.gradle.internal.execution.steps.LoadExecutionStateStep.execute(LoadExecutionStateStep.java:28)&#10;	at org.gradle.internal.execution.impl.DefaultWorkExecutor.execute(DefaultWorkExecutor.java:33)&#10;	at org.gradle.api.internal.tasks.execution.ExecuteActionsTaskExecuter.executeIfValid(ExecuteActionsTaskExecuter.java:195)&#10;	at org.gradle.api.internal.tasks.execution.ExecuteActionsTaskExecuter.execute(ExecuteActionsTaskExecuter.java:187)&#10;	at org.gradle.api.internal.tasks.execution.CleanupStaleOutputsExecuter.execute(CleanupStaleOutputsExecuter.java:114)&#10;	at org.gradle.api.internal.tasks.execution.FinalizePropertiesTaskExecuter.execute(FinalizePropertiesTaskExecuter.java:46)&#10;	at org.gradle.api.internal.tasks.execution.ResolveTaskExecutionModeExecuter.execute(ResolveTaskExecutionModeExecuter.java:62)&#10;	at org.gradle.api.internal.tasks.execution.SkipTaskWithNoActionsExecuter.execute(SkipTaskWithNoActionsExecuter.java:57)&#10;	at org.gradle.api.internal.tasks.execution.SkipOnlyIfTaskExecuter.execute(SkipOnlyIfTaskExecuter.java:56)&#10;	at org.gradle.api.internal.tasks.execution.CatchExceptionTaskExecuter.execute(CatchExceptionTaskExecuter.java:36)&#10;	at org.gradle.api.internal.tasks.execution.EventFiringTaskExecuter$1.executeTask(EventFiringTaskExecuter.java:77)&#10;	at org.gradle.api.internal.tasks.execution.EventFiringTaskExecuter$1.call(EventFiringTaskExecuter.java:55)&#10;	at org.gradle.api.internal.tasks.execution.EventFiringTaskExecuter$1.call(EventFiringTaskExecuter.java:52)&#10;	at org.gradle.internal.operations.DefaultBuildOperationExecutor$CallableBuildOperationWorker.execute(DefaultBuildOperationExecutor.java:409)&#10;	at org.gradle.internal.operations.DefaultBuildOperationExecutor$CallableBuildOperationWorker.execute(DefaultBuildOperationExecutor.java:399)&#10;	at org.gradle.internal.operations.DefaultBuildOperationExecutor$1.execute(DefaultBuildOperationExecutor.java:157)&#10;	at org.gradle.internal.operations.DefaultBuildOperationExecutor.execute(DefaultBuildOperationExecutor.java:242)&#10;	at org.gradle.internal.operations.DefaultBuildOperationExecutor.execute(DefaultBuildOperationExecutor.java:150)&#10;	at org.gradle.internal.operations.DefaultBuildOperationExecutor.call(DefaultBuildOperationExecutor.java:94)&#10;	at org.gradle.internal.operations.DelegatingBuildOperationExecutor.call(DelegatingBuildOperationExecutor.java:36)&#10;	at org.gradle.api.internal.tasks.execution.EventFiringTaskExecuter.execute(EventFiringTaskExecuter.java:52)&#10;	at org.gradle.execution.plan.LocalTaskNodeExecutor.execute(LocalTaskNodeExecutor.java:41)&#10;	at org.gradle.execution.taskgraph.DefaultTaskExecutionGraph$InvokeNodeExecutorsAction.execute(DefaultTaskExecutionGraph.java:372)&#10;	at org.gradle.execution.taskgraph.DefaultTaskExecutionGraph$InvokeNodeExecutorsAction.execute(DefaultTaskExecutionGraph.java:359)&#10;	at org.gradle.execution.taskgraph.DefaultTaskExecutionGraph$BuildOperationAwareExecutionAction.execute(DefaultTaskExecutionGraph.java:352)&#10;	at org.gradle.execution.taskgraph.DefaultTaskExecutionGraph$BuildOperationAwareExecutionAction.execute(DefaultTaskExecutionGraph.java:338)&#10;	at org.gradle.execution.plan.DefaultPlanExecutor$ExecutorWorker.lambda$run$0(DefaultPlanExecutor.java:127)&#10;	at org.gradle.execution.plan.DefaultPlanExecutor$ExecutorWorker.execute(DefaultPlanExecutor.java:191)&#10;	at org.gradle.execution.plan.DefaultPlanExecutor$ExecutorWorker.executeNextNode(DefaultPlanExecutor.java:182)&#10;	at org.gradle.execution.plan.DefaultPlanExecutor$ExecutorWorker.run(DefaultPlanExecutor.java:124)&#10;	at org.gradle.internal.concurrent.ExecutorPolicy$CatchAndRecordFailures.onExecute(ExecutorPolicy.java:64)&#10;	at org.gradle.internal.concurrent.ManagedExecutorImpl$1.run(ManagedExecutorImpl.java:48)&#10;	at java.util.concurrent.ThreadPoolExecutor.runWorker(ThreadPoolExecutor.java:1149)&#10;	at java.util.concurrent.ThreadPoolExecutor$Worker.run(ThreadPoolExecutor.java:624)&#10;	at org.gradle.internal.concurrent.ThreadFactoryImpl$ManagedThreadRunnable.run(ThreadFactoryImpl.java:56)&#10;	at java.lang.Thread.run(Thread.java:748)&#10;Caused by: io.github.detekt.tooling.api.MaxIssuesReached: Build failed with 1 weighted issues.&#10;	at io.gitlab.arturbosch.detekt.core.config.MaxIssueCheck.check(MaxIssueCheck.kt:36)&#10;	at io.gitlab.arturbosch.detekt.core.tooling.AnalysisFacade.checkMaxIssuesReachedReturningErrors(AnalysisFacade.kt:61)&#10;	at io.gitlab.arturbosch.detekt.core.tooling.AnalysisFacade.access$checkMaxIssuesReachedReturningErrors(AnalysisFacade.kt:21)&#10;	at io.gitlab.arturbosch.detekt.core.tooling.AnalysisFacade$runAnalysis$1.invoke(AnalysisFacade.kt:47)&#10;	at io.gitlab.arturbosch.detekt.core.tooling.AnalysisFacade$runAnalysis$1.invoke(AnalysisFacade.kt:21)&#10;	at io.gitlab.arturbosch.detekt.core.tooling.ProcessingSpecSettingsBridgeKt.withSettings(ProcessingSpecSettingsBridge.kt:24)&#10;	at io.gitlab.arturbosch.detekt.core.tooling.AnalysisFacade.runAnalysis$detekt_core(AnalysisFacade.kt:42)&#10;	at io.gitlab.arturbosch.detekt.core.tooling.AnalysisFacade.run(AnalysisFacade.kt:25)&#10;	at io.gitlab.arturbosch.detekt.cli.runners.Runner.call(Runner.kt:33)&#10;	at io.gitlab.arturbosch.detekt.cli.runners.Runner.execute(Runner.kt:23)&#10;	at sun.reflect.NativeMethodAccessorImpl.invoke0(Native Method)&#10;	at sun.reflect.NativeMethodAccessorImpl.invoke(NativeMethodAccessorImpl.java:62)&#10;	at sun.reflect.DelegatingMethodAccessorImpl.invoke(DelegatingMethodAccessorImpl.java:43)&#10;	at java.lang.reflect.Method.invoke(Method.java:498)&#10;	at io.gitlab.arturbosch.detekt.invoke.DefaultCliInvoker.invokeCli(DetektInvoker.kt:53)&#10;	... 101 more&#10;&#10;&#10;* Get more help at https://help.gradle.org&#10;&#10;Deprecated Gradle features were used in this build, making it incompatible with Gradle 7.0.&#10;Use '--warning-mode all' to show the individual deprecation warnings.&#10;See https://docs.gradle.org/6.6.1/userguide/command_line_interface.html#sec:command_line_warnings&#10;&#10;BUILD FAILED in 3s&#10;15 actionable tasks: 2 executed, 13 up-to-date&#10;" />
        
      </testcase>
    
  </testsuite>
</testsuites>
